[2025-07-17 15:34:35,616: INFO: main: This is a logger message from the __init__.py file of the datascience package.]
[2025-07-17 15:34:35,616: INFO: main: Logger has been set up successfully.]
[2025-07-17 17:22:29,389: INFO: common: yaml file: config/config.yaml loaded successfully]
[2025-07-17 17:22:29,391: INFO: common: yaml file: params.yaml loaded successfully]
[2025-07-17 17:25:31,157: INFO: common: yaml file: config/config.yaml loaded successfully]
[2025-07-17 17:25:31,159: INFO: common: yaml file: params.yaml loaded successfully]
[2025-07-17 17:25:31,160: INFO: common: yaml file: schema.yaml loaded successfully]
[2025-07-17 17:25:31,160: INFO: common: created directory at: artifacts]
[2025-07-17 17:25:31,161: INFO: common: created directory at: artifacts/data_ingestion]
[2025-07-17 17:25:33,705: INFO: 251335794: artifacts/data_ingestion/data.zip download! with following info: 
Connection: close
Content-Length: 23329
Cache-Control: max-age=300
Content-Security-Policy: default-src 'none'; style-src 'unsafe-inline'; sandbox
Content-Type: application/zip
ETag: "c69888a4ae59bc5a893392785a938ccd4937981c06ba8a9d6a21aa52b4ab5b6e"
Strict-Transport-Security: max-age=31536000
X-Content-Type-Options: nosniff
X-Frame-Options: deny
X-XSS-Protection: 1; mode=block
X-GitHub-Request-Id: 88AD:3B239:75B99E:87734A:6878E4B4
Accept-Ranges: bytes
Date: Thu, 17 Jul 2025 11:55:33 GMT
Via: 1.1 varnish
X-Served-By: cache-sin-wsss1830053-SIN
X-Cache: MISS
X-Cache-Hits: 0
X-Timer: S1752753333.506730,VS0,VE1365
Vary: Authorization,Accept-Encoding
Access-Control-Allow-Origin: *
Cross-Origin-Resource-Policy: cross-origin
X-Fastly-Request-ID: ad3e011a675b4ab41f28ef89b6ac7d9275b75772
Expires: Thu, 17 Jul 2025 12:00:33 GMT
Source-Age: 0

]
